2024-09-28 23:43:30,914:INFO:Proccess Started
2024-09-28 23:44:12,037:INFO:Reminder Sent
2024-09-28 23:45:12,075:INFO:Reminder Sent
2024-09-29 10:26:29,067:INFO:Proccess Started
2024-09-29 10:27:10,276:INFO:Reminder Sent
2024-09-29 10:28:37,457:INFO:Proccess Started
2024-09-29 10:29:18,671:INFO:Reminder Sent
2024-09-29 10:30:24,838:INFO:Proccess Started
2024-09-29 10:31:06,057:INFO:Reminder Sent
2024-09-29 10:31:52,926:INFO:Proccess Started
2024-09-29 10:31:52,926:INFO:Reminder Voided
2024-09-29 10:35:19,105:INFO:Proccess Started
2024-09-29 10:35:19,105:INFO:Reminder Voided
2024-09-29 11:35:19,320:INFO:Reminder Voided
2024-09-29 12:02:52,417:INFO:Process Started
2024-09-29 12:04:17,623:INFO:Process Started
2024-09-29 12:05:02,265:INFO:Process Started
2024-09-29 12:06:05,106:INFO:Process Started
2024-09-29 12:06:46,324:INFO:Reminder Sent
2024-09-29 12:07:05,563:INFO:Process Started
2024-09-29 12:07:46,798:INFO:Reminder Sent
2024-09-29 13:07:47,261:INFO:Reminder Sent
2024-09-29 14:08:28,631:INFO:Reminder Sent
2024-09-29 15:09:09,992:INFO:Reminder Sent
2024-09-29 16:09:51,384:INFO:Reminder Sent
2024-09-29 17:10:32,745:INFO:Reminder Sent
2024-09-29 18:11:14,170:INFO:Reminder Sent
2024-09-29 19:11:55,449:INFO:Reminder Sent
2024-09-29 20:11:55,735:INFO:Reminder Voided: Outside of allowed time window
2024-09-29 21:11:56,055:INFO:Reminder Voided: Outside of allowed time window
2024-09-29 22:11:56,349:INFO:Reminder Voided: Outside of allowed time window
2024-09-29 23:11:56,656:INFO:Reminder Voided: Outside of allowed time window
2024-09-30 00:11:56,954:INFO:Reminder Voided: Outside of allowed time window
2024-09-30 01:11:57,180:INFO:Reminder Voided: Outside of allowed time window
2024-09-30 15:08:38,621:INFO:Process Started
2024-09-30 15:09:19,839:INFO:Reminder Sent
